{"contracts/interface/DataTypes.sol":{"l":{},"path":"/Users/frederic-sb/Documents/dev/yap/btc-lending-contracts/contracts/interface/DataTypes.sol","s":{},"b":{},"f":{},"fnMap":{},"statementMap":{},"branchMap":{}},"contracts/interface/IAaveProtocolDataProvider.sol":{"l":{},"path":"/Users/frederic-sb/Documents/dev/yap/btc-lending-contracts/contracts/interface/IAaveProtocolDataProvider.sol","s":{},"b":{},"f":{},"fnMap":{},"statementMap":{},"branchMap":{}},"contracts/interface/IFarmingStrategy.sol":{"l":{},"path":"/Users/frederic-sb/Documents/dev/yap/btc-lending-contracts/contracts/interface/IFarmingStrategy.sol","s":{},"b":{},"f":{},"fnMap":{},"statementMap":{},"branchMap":{}},"contracts/interface/IFarmingVault.sol":{"l":{},"path":"/Users/frederic-sb/Documents/dev/yap/btc-lending-contracts/contracts/interface/IFarmingVault.sol","s":{},"b":{},"f":{},"fnMap":{},"statementMap":{},"branchMap":{}},"contracts/interface/ILendingPool.sol":{"l":{},"path":"/Users/frederic-sb/Documents/dev/yap/btc-lending-contracts/contracts/interface/ILendingPool.sol","s":{},"b":{},"f":{},"fnMap":{},"statementMap":{},"branchMap":{}},"contracts/interface/ILendingPoolAddressesProvider.sol":{"l":{},"path":"/Users/frederic-sb/Documents/dev/yap/btc-lending-contracts/contracts/interface/ILendingPoolAddressesProvider.sol","s":{},"b":{},"f":{},"fnMap":{},"statementMap":{},"branchMap":{}},"contracts/interface/IUniswapV2Router01.sol":{"l":{},"path":"/Users/frederic-sb/Documents/dev/yap/btc-lending-contracts/contracts/interface/IUniswapV2Router01.sol","s":{},"b":{},"f":{},"fnMap":{},"statementMap":{},"branchMap":{}},"contracts/interface/IUniswapV2Router02.sol":{"l":{},"path":"/Users/frederic-sb/Documents/dev/yap/btc-lending-contracts/contracts/interface/IUniswapV2Router02.sol","s":{},"b":{},"f":{},"fnMap":{},"statementMap":{},"branchMap":{}},"contracts/strategies/BtcLendingStrategy.sol":{"l":{"43":50,"44":50,"45":50,"46":50,"53":13,"56":13,"58":13,"59":13,"61":12,"63":12,"65":1,"68":11,"71":12,"73":12,"80":4,"82":4,"83":4,"85":4,"86":4,"87":4,"88":4,"89":4,"94":4,"96":4,"97":2,"101":13,"102":13,"103":13,"105":13,"110":4,"112":4,"113":2,"117":3,"118":3,"119":3,"120":3,"122":3,"126":2,"127":1,"128":1,"129":1,"131":1,"133":1,"134":1,"137":1,"139":1,"143":14,"148":13,"152":4,"157":7,"161":1,"163":1,"164":1,"165":1,"167":1,"171":16,"172":16,"173":13,"176":3,"181":13,"182":13,"183":9,"185":4,"190":1,"195":17,"200":17,"201":17,"205":20,"208":20,"212":50,"213":50,"214":50,"215":50,"219":57,"223":8,"227":13,"231":5,"235":1,"236":1,"239":1,"240":1,"243":1,"247":1,"251":1,"255":1,"256":1,"258":1,"262":2,"263":1,"267":1,"271":1,"272":1,"274":1,"278":3,"279":1},"path":"/Users/frederic-sb/Documents/dev/yap/btc-lending-contracts/contracts/strategies/BtcLendingStrategy.sol","s":{"1":50,"2":50,"3":50,"4":50,"5":13,"6":13,"7":13,"8":13,"9":12,"10":12,"11":1,"12":11,"13":12,"14":12,"15":4,"16":4,"17":4,"18":4,"19":4,"20":4,"21":4,"22":4,"23":4,"24":4,"25":2,"26":13,"27":13,"28":13,"29":13,"30":4,"31":4,"32":2,"33":3,"34":3,"35":3,"36":3,"37":3,"38":2,"39":1,"40":1,"41":1,"42":1,"43":1,"44":1,"45":1,"46":1,"47":14,"48":13,"49":4,"50":7,"51":1,"52":1,"53":1,"54":1,"55":1,"56":16,"57":16,"58":13,"59":3,"60":13,"61":13,"62":9,"63":4,"64":1,"65":17,"66":17,"67":17,"68":20,"69":20,"70":50,"71":50,"72":50,"73":50,"74":57,"75":8,"76":13,"77":5,"78":1,"79":1,"80":1,"81":1,"82":1,"83":1,"84":1,"85":1,"86":1,"87":1,"88":2,"89":1,"90":1,"91":1,"92":1,"93":1,"94":3,"95":1},"b":{"1":[1,11],"2":[4,0],"3":[2,2],"4":[2,2],"5":[1,1],"6":[13,3],"7":[9,4],"8":[1,0],"9":[1,0],"10":[1,0],"11":[1,1],"12":[1,0],"13":[1,2]},"f":{"1":50,"2":13,"3":4,"4":4,"5":13,"6":4,"7":3,"8":2,"9":14,"10":13,"11":4,"12":7,"13":1,"14":16,"15":13,"16":1,"17":17,"18":17,"19":20,"20":50,"21":57,"22":8,"23":13,"24":5,"25":1,"26":1,"27":1,"28":1,"29":2,"30":1,"31":1,"32":3},"fnMap":{"1":{"name":"constructor","line":42,"loc":{"start":{"line":41,"column":4},"end":{"line":47,"column":4}}},"2":{"name":"enter","line":52,"loc":{"start":{"line":52,"column":4},"end":{"line":74,"column":4}}},"3":{"name":"exit","line":79,"loc":{"start":{"line":79,"column":4},"end":{"line":90,"column":4}}},"4":{"name":"leverage","line":93,"loc":{"start":{"line":93,"column":4},"end":{"line":98,"column":4}}},"5":{"name":"_leverage","line":100,"loc":{"start":{"line":100,"column":4},"end":{"line":106,"column":4}}},"6":{"name":"deleverage","line":109,"loc":{"start":{"line":109,"column":4},"end":{"line":114,"column":4}}},"7":{"name":"_deleverage","line":116,"loc":{"start":{"line":116,"column":4},"end":{"line":123,"column":4}}},"8":{"name":"harvest","line":125,"loc":{"start":{"line":125,"column":4},"end":{"line":140,"column":4}}},"9":{"name":"_lend","line":142,"loc":{"start":{"line":142,"column":4},"end":{"line":144,"column":4}}},"10":{"name":"_borrow","line":146,"loc":{"start":{"line":146,"column":4},"end":{"line":149,"column":4}}},"11":{"name":"_withdrawCollateral","line":151,"loc":{"start":{"line":151,"column":4},"end":{"line":153,"column":4}}},"12":{"name":"_repayDebt","line":155,"loc":{"start":{"line":155,"column":4},"end":{"line":158,"column":4}}},"13":{"name":"_swapRewardForNative","line":160,"loc":{"start":{"line":160,"column":4},"end":{"line":168,"column":4}}},"14":{"name":"_getStablecoinAmount","line":170,"loc":{"start":{"line":170,"column":4},"end":{"line":178,"column":4}}},"15":{"name":"_getUsersShare","line":180,"loc":{"start":{"line":180,"column":4},"end":{"line":187,"column":4}}},"16":{"name":"_calculateFarmSharesToWithdraw","line":189,"loc":{"start":{"line":189,"column":4},"end":{"line":191,"column":4}}},"17":{"name":"_overallBtcBalance","line":194,"loc":{"start":{"line":194,"column":4},"end":{"line":196,"column":4}}},"18":{"name":"_lendingBalance","line":199,"loc":{"start":{"line":199,"column":4},"end":{"line":202,"column":4}}},"19":{"name":"_getCurrentLtv","line":204,"loc":{"start":{"line":204,"column":4},"end":{"line":209,"column":4}}},"20":{"name":"_giveAllowance","line":211,"loc":{"start":{"line":211,"column":4},"end":{"line":216,"column":4}}},"21":{"name":"_farmShareValue","line":218,"loc":{"start":{"line":218,"column":4},"end":{"line":220,"column":4}}},"22":{"name":"_exitFarm","line":222,"loc":{"start":{"line":222,"column":4},"end":{"line":224,"column":4}}},"23":{"name":"_enterFarm","line":226,"loc":{"start":{"line":226,"column":4},"end":{"line":228,"column":4}}},"24":{"name":"_getFarmTotalLpBalance","line":230,"loc":{"start":{"line":230,"column":4},"end":{"line":232,"column":4}}},"25":{"name":"setLendingPool","line":234,"loc":{"start":{"line":234,"column":4},"end":{"line":244,"column":4}}},"26":{"name":"setAddressProvider","line":246,"loc":{"start":{"line":246,"column":4},"end":{"line":248,"column":4}}},"27":{"name":"setDataProvider","line":250,"loc":{"start":{"line":250,"column":4},"end":{"line":252,"column":4}}},"28":{"name":"setFarm","line":254,"loc":{"start":{"line":254,"column":4},"end":{"line":259,"column":4}}},"29":{"name":"setUpperBandLtv","line":261,"loc":{"start":{"line":261,"column":4},"end":{"line":264,"column":4}}},"30":{"name":"setLowerBandLtv","line":266,"loc":{"start":{"line":266,"column":4},"end":{"line":268,"column":4}}},"31":{"name":"setSwapRouter","line":270,"loc":{"start":{"line":270,"column":4},"end":{"line":275,"column":4}}},"32":{"name":"setTargetLtv","line":277,"loc":{"start":{"line":277,"column":4},"end":{"line":280,"column":4}}}},"statementMap":{"1":{"start":{"line":43,"column":8},"end":{"line":43,"column":27}},"2":{"start":{"line":44,"column":8},"end":{"line":44,"column":31}},"3":{"start":{"line":45,"column":8},"end":{"line":45,"column":53}},"4":{"start":{"line":46,"column":8},"end":{"line":46,"column":23}},"5":{"start":{"line":53,"column":8},"end":{"line":53,"column":72}},"6":{"start":{"line":56,"column":8},"end":{"line":56,"column":73}},"7":{"start":{"line":58,"column":8},"end":{"line":58,"column":48}},"8":{"start":{"line":59,"column":8},"end":{"line":59,"column":21}},"9":{"start":{"line":61,"column":8},"end":{"line":61,"column":97}},"10":{"start":{"line":63,"column":8},"end":{"line":63,"column":2618}},"11":{"start":{"line":65,"column":12},"end":{"line":65,"column":56}},"12":{"start":{"line":68,"column":12},"end":{"line":68,"column":54}},"13":{"start":{"line":71,"column":8},"end":{"line":71,"column":32}},"14":{"start":{"line":73,"column":8},"end":{"line":73,"column":27}},"15":{"start":{"line":80,"column":8},"end":{"line":80,"column":48}},"16":{"start":{"line":82,"column":8},"end":{"line":82,"column":76}},"17":{"start":{"line":83,"column":8},"end":{"line":83,"column":81}},"18":{"start":{"line":85,"column":8},"end":{"line":85,"column":33}},"19":{"start":{"line":86,"column":8},"end":{"line":86,"column":28}},"20":{"start":{"line":87,"column":8},"end":{"line":87,"column":19}},"21":{"start":{"line":88,"column":8},"end":{"line":88,"column":37}},"22":{"start":{"line":89,"column":8},"end":{"line":89,"column":55}},"23":{"start":{"line":94,"column":8},"end":{"line":94,"column":97}},"24":{"start":{"line":96,"column":8},"end":{"line":96,"column":41}},"25":{"start":{"line":97,"column":8},"end":{"line":97,"column":50}},"26":{"start":{"line":101,"column":8},"end":{"line":101,"column":90}},"27":{"start":{"line":102,"column":8},"end":{"line":102,"column":33}},"28":{"start":{"line":103,"column":8},"end":{"line":103,"column":36}},"29":{"start":{"line":105,"column":8},"end":{"line":105,"column":40}},"30":{"start":{"line":110,"column":8},"end":{"line":110,"column":97}},"31":{"start":{"line":112,"column":8},"end":{"line":112,"column":41}},"32":{"start":{"line":113,"column":8},"end":{"line":113,"column":52}},"33":{"start":{"line":117,"column":8},"end":{"line":117,"column":90}},"34":{"start":{"line":118,"column":8},"end":{"line":118,"column":73}},"35":{"start":{"line":119,"column":8},"end":{"line":119,"column":28}},"36":{"start":{"line":120,"column":8},"end":{"line":120,"column":19}},"37":{"start":{"line":122,"column":8},"end":{"line":122,"column":42}},"38":{"start":{"line":126,"column":8},"end":{"line":126,"column":62}},"39":{"start":{"line":127,"column":8},"end":{"line":127,"column":78}},"40":{"start":{"line":128,"column":8},"end":{"line":128,"column":84}},"41":{"start":{"line":129,"column":8},"end":{"line":129,"column":38}},"42":{"start":{"line":131,"column":8},"end":{"line":131,"column":65}},"43":{"start":{"line":133,"column":8},"end":{"line":133,"column":71}},"44":{"start":{"line":134,"column":8},"end":{"line":134,"column":29}},"45":{"start":{"line":137,"column":8},"end":{"line":137,"column":53}},"46":{"start":{"line":139,"column":8},"end":{"line":139,"column":37}},"47":{"start":{"line":143,"column":8},"end":{"line":143,"column":77}},"48":{"start":{"line":148,"column":8},"end":{"line":148,"column":93}},"49":{"start":{"line":152,"column":8},"end":{"line":152,"column":78}},"50":{"start":{"line":157,"column":8},"end":{"line":157,"column":118}},"51":{"start":{"line":161,"column":8},"end":{"line":161,"column":48}},"52":{"start":{"line":163,"column":8},"end":{"line":163,"column":20}},"53":{"start":{"line":164,"column":8},"end":{"line":164,"column":21}},"54":{"start":{"line":165,"column":8},"end":{"line":165,"column":21}},"55":{"start":{"line":167,"column":8},"end":{"line":167,"column":117}},"56":{"start":{"line":171,"column":8},"end":{"line":171,"column":70}},"57":{"start":{"line":172,"column":8},"end":{"line":172,"column":6568}},"58":{"start":{"line":173,"column":12},"end":{"line":173,"column":67}},"59":{"start":{"line":176,"column":12},"end":{"line":176,"column":67}},"60":{"start":{"line":181,"column":8},"end":{"line":181,"column":54}},"61":{"start":{"line":182,"column":8},"end":{"line":182,"column":6923}},"62":{"start":{"line":183,"column":12},"end":{"line":183,"column":26}},"63":{"start":{"line":185,"column":12},"end":{"line":185,"column":54}},"64":{"start":{"line":190,"column":8},"end":{"line":190,"column":63}},"65":{"start":{"line":195,"column":8},"end":{"line":195,"column":72}},"66":{"start":{"line":200,"column":8},"end":{"line":200,"column":117}},"67":{"start":{"line":201,"column":8},"end":{"line":201,"column":24}},"68":{"start":{"line":205,"column":8},"end":{"line":205,"column":7827}},"69":{"start":{"line":208,"column":8},"end":{"line":208,"column":93}},"70":{"start":{"line":212,"column":8},"end":{"line":212,"column":63}},"71":{"start":{"line":213,"column":8},"end":{"line":213,"column":66}},"72":{"start":{"line":214,"column":8},"end":{"line":214,"column":67}},"73":{"start":{"line":215,"column":8},"end":{"line":215,"column":61}},"74":{"start":{"line":219,"column":8},"end":{"line":219,"column":65}},"75":{"start":{"line":223,"column":8},"end":{"line":223,"column":55}},"76":{"start":{"line":227,"column":8},"end":{"line":227,"column":61}},"77":{"start":{"line":231,"column":8},"end":{"line":231,"column":67}},"78":{"start":{"line":235,"column":8},"end":{"line":235,"column":8927}},"79":{"start":{"line":236,"column":12},"end":{"line":236,"column":70}},"80":{"start":{"line":239,"column":8},"end":{"line":239,"column":9101}},"81":{"start":{"line":240,"column":12},"end":{"line":240,"column":71}},"82":{"start":{"line":243,"column":8},"end":{"line":243,"column":40}},"83":{"start":{"line":247,"column":8},"end":{"line":247,"column":52}},"84":{"start":{"line":251,"column":8},"end":{"line":251,"column":38}},"85":{"start":{"line":255,"column":8},"end":{"line":255,"column":9654}},"86":{"start":{"line":256,"column":12},"end":{"line":256,"column":60}},"87":{"start":{"line":258,"column":8},"end":{"line":258,"column":27}},"88":{"start":{"line":262,"column":8},"end":{"line":262,"column":39}},"89":{"start":{"line":263,"column":8},"end":{"line":263,"column":38}},"90":{"start":{"line":267,"column":8},"end":{"line":267,"column":38}},"91":{"start":{"line":271,"column":8},"end":{"line":271,"column":10204}},"92":{"start":{"line":272,"column":12},"end":{"line":272,"column":69}},"93":{"start":{"line":274,"column":8},"end":{"line":274,"column":34}},"94":{"start":{"line":278,"column":8},"end":{"line":278,"column":76}},"95":{"start":{"line":279,"column":8},"end":{"line":279,"column":32}}},"branchMap":{"1":{"line":63,"type":"if","locations":[{"start":{"line":63,"column":8},"end":{"line":63,"column":8}},{"start":{"line":63,"column":8},"end":{"line":63,"column":8}}]},"2":{"line":80,"type":"if","locations":[{"start":{"line":80,"column":8},"end":{"line":80,"column":8}},{"start":{"line":80,"column":8},"end":{"line":80,"column":8}}]},"3":{"line":96,"type":"if","locations":[{"start":{"line":96,"column":8},"end":{"line":96,"column":8}},{"start":{"line":96,"column":8},"end":{"line":96,"column":8}}]},"4":{"line":112,"type":"if","locations":[{"start":{"line":112,"column":8},"end":{"line":112,"column":8}},{"start":{"line":112,"column":8},"end":{"line":112,"column":8}}]},"5":{"line":126,"type":"if","locations":[{"start":{"line":126,"column":8},"end":{"line":126,"column":8}},{"start":{"line":126,"column":8},"end":{"line":126,"column":8}}]},"6":{"line":172,"type":"if","locations":[{"start":{"line":172,"column":8},"end":{"line":172,"column":8}},{"start":{"line":172,"column":8},"end":{"line":172,"column":8}}]},"7":{"line":182,"type":"if","locations":[{"start":{"line":182,"column":8},"end":{"line":182,"column":8}},{"start":{"line":182,"column":8},"end":{"line":182,"column":8}}]},"8":{"line":235,"type":"if","locations":[{"start":{"line":235,"column":8},"end":{"line":235,"column":8}},{"start":{"line":235,"column":8},"end":{"line":235,"column":8}}]},"9":{"line":239,"type":"if","locations":[{"start":{"line":239,"column":8},"end":{"line":239,"column":8}},{"start":{"line":239,"column":8},"end":{"line":239,"column":8}}]},"10":{"line":255,"type":"if","locations":[{"start":{"line":255,"column":8},"end":{"line":255,"column":8}},{"start":{"line":255,"column":8},"end":{"line":255,"column":8}}]},"11":{"line":262,"type":"if","locations":[{"start":{"line":262,"column":8},"end":{"line":262,"column":8}},{"start":{"line":262,"column":8},"end":{"line":262,"column":8}}]},"12":{"line":271,"type":"if","locations":[{"start":{"line":271,"column":8},"end":{"line":271,"column":8}},{"start":{"line":271,"column":8},"end":{"line":271,"column":8}}]},"13":{"line":278,"type":"if","locations":[{"start":{"line":278,"column":8},"end":{"line":278,"column":8}},{"start":{"line":278,"column":8},"end":{"line":278,"column":8}}]}}}}